Determining if the pthread_create exist failed with the following output:
Change Dir: /home/houyx/CLionProjects/BriskCudaLibTwo1/cmake-build-debug/CMakeFiles/CMakeTmp

Run Build Command:"/usr/bin/make" "cmTC_47ac4/fast"
/usr/bin/make -f CMakeFiles/cmTC_47ac4.dir/build.make CMakeFiles/cmTC_47ac4.dir/build
make[1]: Entering directory '/home/houyx/CLionProjects/BriskCudaLibTwo1/cmake-build-debug/CMakeFiles/CMakeTmp'
Building C object CMakeFiles/cmTC_47ac4.dir/CheckSymbolExists.c.o
/usr/bin/cc    -fPIC    -o CMakeFiles/cmTC_47ac4.dir/CheckSymbolExists.c.o   -c /home/houyx/CLionProjects/BriskCudaLibTwo1/cmake-build-debug/CMakeFiles/CMakeTmp/CheckSymbolExists.c
Linking C executable cmTC_47ac4
/home/houyx/programs/clion-2017.1.3/bin/cmake/bin/cmake -E cmake_link_script CMakeFiles/cmTC_47ac4.dir/link.txt --verbose=1
/usr/bin/cc  -fPIC     CMakeFiles/cmTC_47ac4.dir/CheckSymbolExists.c.o  -o cmTC_47ac4 
CMakeFiles/cmTC_47ac4.dir/CheckSymbolExists.c.o：在函数‘main’中：
CheckSymbolExists.c:(.text+0x1b)：对‘pthread_create’未定义的引用
collect2: error: ld returned 1 exit status
CMakeFiles/cmTC_47ac4.dir/build.make:97: recipe for target 'cmTC_47ac4' failed
make[1]: *** [cmTC_47ac4] Error 1
make[1]: Leaving directory '/home/houyx/CLionProjects/BriskCudaLibTwo1/cmake-build-debug/CMakeFiles/CMakeTmp'
Makefile:126: recipe for target 'cmTC_47ac4/fast' failed
make: *** [cmTC_47ac4/fast] Error 2

File /home/houyx/CLionProjects/BriskCudaLibTwo1/cmake-build-debug/CMakeFiles/CMakeTmp/CheckSymbolExists.c:
/* */
#include <pthread.h>

int main(int argc, char** argv)
{
  (void)argv;
#ifndef pthread_create
  return ((int*)(&pthread_create))[argc];
#else
  (void)argc;
  return 0;
#endif
}

Determining if the function pthread_create exists in the pthreads failed with the following output:
Change Dir: /home/houyx/CLionProjects/BriskCudaLibTwo1/cmake-build-debug/CMakeFiles/CMakeTmp

Run Build Command:"/usr/bin/make" "cmTC_d556e/fast"
/usr/bin/make -f CMakeFiles/cmTC_d556e.dir/build.make CMakeFiles/cmTC_d556e.dir/build
make[1]: Entering directory '/home/houyx/CLionProjects/BriskCudaLibTwo1/cmake-build-debug/CMakeFiles/CMakeTmp'
Building C object CMakeFiles/cmTC_d556e.dir/CheckFunctionExists.c.o
/usr/bin/cc    -fPIC -DCHECK_FUNCTION_EXISTS=pthread_create   -o CMakeFiles/cmTC_d556e.dir/CheckFunctionExists.c.o   -c /home/houyx/programs/clion-2017.1.3/bin/cmake/share/cmake-3.7/Modules/CheckFunctionExists.c
Linking C executable cmTC_d556e
/home/houyx/programs/clion-2017.1.3/bin/cmake/bin/cmake -E cmake_link_script CMakeFiles/cmTC_d556e.dir/link.txt --verbose=1
/usr/bin/cc  -fPIC -DCHECK_FUNCTION_EXISTS=pthread_create    CMakeFiles/cmTC_d556e.dir/CheckFunctionExists.c.o  -o cmTC_d556e -lpthreads 
/usr/bin/ld: 找不到 -lpthreads
collect2: error: ld returned 1 exit status
CMakeFiles/cmTC_d556e.dir/build.make:97: recipe for target 'cmTC_d556e' failed
make[1]: *** [cmTC_d556e] Error 1
make[1]: Leaving directory '/home/houyx/CLionProjects/BriskCudaLibTwo1/cmake-build-debug/CMakeFiles/CMakeTmp'
Makefile:126: recipe for target 'cmTC_d556e/fast' failed
make: *** [cmTC_d556e/fast] Error 2


